\BOOKMARK [1][-]{section.1}{Introduction}{}
\BOOKMARK [2][-]{subsection.1.1}{Le contexte}{section.1}
\BOOKMARK [2][-]{subsection.1.2}{Les objectifs}{section.1}
\BOOKMARK [1][-]{section.2}{Les contraintes g\351n\351rales}{}
\BOOKMARK [2][-]{subsection.2.1}{Confidentialit\351s}{section.2}
\BOOKMARK [2][-]{subsection.2.2}{Existant}{section.2}
\BOOKMARK [2][-]{subsection.2.3}{Exigences non fonctionnelles}{section.2}
\BOOKMARK [1][-]{section.3}{Organisation du travail}{}
\BOOKMARK [2][-]{subsection.3.1}{Ressources humaines}{section.3}
\BOOKMARK [3][-]{subsubsection.3.1.1}{Chef de projet et coordinateur : Chafik BACHATENE}{subsection.3.1}
\BOOKMARK [3][-]{subsubsection.3.1.2}{Responsable qualit\351 / m\351thode / documentation}{subsection.3.1}
\BOOKMARK [3][-]{subsubsection.3.1.3}{Groupe d'Etude Informatique}{subsection.3.1}
\BOOKMARK [2][-]{subsection.3.2}{Activit\351s}{section.3}
\BOOKMARK [3][-]{subsubsection.3.2.1}{Production}{subsection.3.2}
\BOOKMARK [3][-]{subsubsection.3.2.2}{Controle \(qualit\351\)}{subsection.3.2}
\BOOKMARK [3][-]{subsubsection.3.2.3}{Gestion de projet}{subsection.3.2}
\BOOKMARK [1][-]{section.4}{Liste des livrables attendus}{}
\BOOKMARK [2][-]{subsection.4.1}{Livrables de production}{section.4}
\BOOKMARK [2][-]{subsection.4.2}{Livrables de suivi de projet}{section.4}
\BOOKMARK [2][-]{subsection.4.3}{Livrables de qualit\351}{section.4}
\BOOKMARK [1][-]{section.5}{Organigramme des t\342ches}{}
\BOOKMARK [2][-]{subsection.5.1}{Macro-Phasage}{section.5}
\BOOKMARK [3][-]{subsubsection.5.1.1}{T\342ches de production}{subsection.5.1}
\BOOKMARK [3][-]{subsubsection.5.1.2}{T\342ches de suivi \(gestion de projet\)}{subsection.5.1}
\BOOKMARK [3][-]{subsubsection.5.1.3}{Taches de controle qualit\351}{subsection.5.1}
\BOOKMARK [2][-]{subsection.5.2}{Diagramme de Gantt}{section.5}
\BOOKMARK [1][-]{section.6}{Modalit\351s de suivi}{}
\BOOKMARK [2][-]{subsection.6.1}{Les r\350gles de suivi}{section.6}
\BOOKMARK [2][-]{subsection.6.2}{Les outils utilis\351s}{section.6}
\BOOKMARK [1][-]{section.7}{Gestion des risques}{}
\BOOKMARK [2][-]{subsection.7.1}{Risques}{section.7}
\BOOKMARK [3][-]{subsubsection.7.1.1}{Gestion des risques}{subsection.7.1}
