\BOOKMARK [1][-]{section.1}{Introduction}{}
\BOOKMARK [2][-]{subsection.1.1}{Pr\351sentation du projet}{section.1}
\BOOKMARK [2][-]{subsection.1.2}{Pr\351sentation du document}{section.1}
\BOOKMARK [2][-]{subsection.1.3}{Documents des r\351f\351rence}{section.1}
\BOOKMARK [1][-]{section.2}{Pr\351sentation du probl\350me}{}
\BOOKMARK [2][-]{subsection.2.1}{But, utilisateurs concern\351s, nature du logiciel}{section.2}
\BOOKMARK [1][-]{section.3}{Formulation des besoins, exploitation et ergonomie}{}
\BOOKMARK [2][-]{subsection.3.1}{Formulation des besoins}{section.3}
\BOOKMARK [2][-]{subsection.3.2}{exploitation et ergonomie}{section.3}
\BOOKMARK [2][-]{subsection.3.3}{Port\351e, d\351veloppement, mise en \234uvre, organisation de la maintenance}{section.3}
\BOOKMARK [2][-]{subsection.3.4}{Limites}{section.3}
\BOOKMARK [1][-]{section.4}{Exigences fonctionnelles}{}
\BOOKMARK [2][-]{subsection.4.1}{Fonctions de base, performances et aptitudes}{section.4}
\BOOKMARK [2][-]{subsection.4.2}{Contraintes d'utilisation, normes de documentation}{section.4}
\BOOKMARK [2][-]{subsection.4.3}{Crit\350res d'appr\351ciation}{section.4}
\BOOKMARK [2][-]{subsection.4.4}{Flexibilit\351, variation de co\373ts associ\351e}{section.4}
\BOOKMARK [1][-]{section.5}{Contraintes impos\351es et faisabilit\351 technologique}{}
\BOOKMARK [2][-]{subsection.5.1}{S\373ret\351, planning, organisation, communication}{section.5}
\BOOKMARK [2][-]{subsection.5.2}{Complexit\351}{section.5}
\BOOKMARK [2][-]{subsection.5.3}{Comp\351tences, moyens et r\350gles}{section.5}
\BOOKMARK [1][-]{section.6}{Configuration cible}{}
\BOOKMARK [2][-]{subsection.6.1}{Mat\351riel et logiciels}{section.6}
\BOOKMARK [2][-]{subsection.6.2}{Stabilit\351}{section.6}
\BOOKMARK [2][-]{subsection.6.3}{Interfaces}{section.6}
\BOOKMARK [1][-]{section.7}{Guide de r\351ponse au cahier des charges}{}
\BOOKMARK [2][-]{subsection.7.1}{Grille d'\351valuation}{section.7}
