\BOOKMARK [1][-]{section.1}{Syst\350me de localisation}{}% 1
\BOOKMARK [2][-]{subsection.1.1}{Syst\350me de localisation en temps r\351el}{section.1}% 2
\BOOKMARK [3][-]{subsubsection.1.1.1}{Am\351liorations GPS}{subsection.1.1}% 3
\BOOKMARK [3][-]{subsubsection.1.1.2}{Galil\351o}{subsection.1.1}% 4
\BOOKMARK [2][-]{subsection.1.2}{Alternatives}{section.1}% 5
\BOOKMARK [1][-]{section.2}{RTOS}{}% 6
\BOOKMARK [2][-]{subsection.2.1}{Contexe}{section.2}% 7
\BOOKMARK [2][-]{subsection.2.2}{TinyOS}{section.2}% 8
\BOOKMARK [2][-]{subsection.2.3}{LynxOS}{section.2}% 9
\BOOKMARK [1][-]{section.3}{Production et gestion de l'energie}{}% 10
\BOOKMARK [2][-]{subsection.3.1}{Contexe}{section.3}% 11
\BOOKMARK [2][-]{subsection.3.2}{Solutions envisag\351es}{section.3}% 12
\BOOKMARK [1][-]{section.4}{Capteurs}{}% 13
\BOOKMARK [2][-]{subsection.4.1}{Contexte}{section.4}% 14
\BOOKMARK [2][-]{subsection.4.2}{Mesure de niveau continue}{section.4}% 15
\BOOKMARK [2][-]{subsection.4.3}{Mesure de niveau continue}{section.4}% 16
\BOOKMARK [1][-]{section.5}{Syst\350me de communication}{}% 17
\BOOKMARK [2][-]{subsection.5.1}{Communication courte distance}{section.5}% 18
\BOOKMARK [2][-]{subsection.5.2}{Zigbee}{section.5}% 19
\BOOKMARK [2][-]{subsection.5.3}{Communication longue distance}{section.5}% 20
\BOOKMARK [2][-]{subsection.5.4}{R\351seaux cellulaires}{section.5}% 21
