\BOOKMARK [1][-]{section.1}{Introduction}{}
\BOOKMARK [2][-]{subsection.1.1}{Pr\351sentation du projet}{section.1}
\BOOKMARK [2][-]{subsection.1.2}{Pr\351sentation du document}{section.1}
\BOOKMARK [2][-]{subsection.1.3}{Document applicables / Documents de r\351f\351rence}{section.1}
\BOOKMARK [2][-]{subsection.1.4}{Terminologie et abr\351viations}{section.1}
\BOOKMARK [1][-]{section.2}{Pr\351sentation du probl\350me}{}
\BOOKMARK [2][-]{subsection.2.1}{But}{section.2}
\BOOKMARK [2][-]{subsection.2.2}{Formulation des besoins, exploitation et ergonomie, exp\351rience}{section.2}
\BOOKMARK [3][-]{subsubsection.2.2.1}{Formulation des besoins}{subsection.2.2}
\BOOKMARK [3][-]{subsubsection.2.2.2}{Exploitation}{subsection.2.2}
\BOOKMARK [3][-]{subsubsection.2.2.3}{Ergonomie}{subsection.2.2}
\BOOKMARK [3][-]{subsubsection.2.2.4}{Exp\351rience}{subsection.2.2}
\BOOKMARK [2][-]{subsection.2.3}{Port\351s, d\351veloppement, mise en \234uvre, organisation de la maintenance}{section.2}
\BOOKMARK [3][-]{subsubsection.2.3.1}{Port\351s}{subsection.2.3}
\BOOKMARK [3][-]{subsubsection.2.3.2}{D\351veloppement}{subsection.2.3}
\BOOKMARK [3][-]{subsubsection.2.3.3}{Mise en \234uvre}{subsection.2.3}
\BOOKMARK [3][-]{subsubsection.2.3.4}{Organisation de la maintenance}{subsection.2.3}
\BOOKMARK [2][-]{subsection.2.4}{Limites}{section.2}
\BOOKMARK [1][-]{section.3}{Exigences fonctionnelles}{}
\BOOKMARK [2][-]{subsection.3.1}{Fonction de base, performances et aptitudes}{section.3}
\BOOKMARK [2][-]{subsection.3.2}{Contraintes d'utilisation}{section.3}
\BOOKMARK [2][-]{subsection.3.3}{Crit\350re d'appr\351ciation de la r\351alisation effective de la fonction}{section.3}
\BOOKMARK [2][-]{subsection.3.4}{Flexibilit\351 dans la fa\347on de mettre en \234uvre la fonction concern\351e et variation de co\373ts associ\351e en fonction de cette flexibilit\351}{section.3}
\BOOKMARK [1][-]{section.4}{Contraintes impos\351es, faisabilit\351 technologique et \351ventuellement moyens}{}
\BOOKMARK [2][-]{subsection.4.1}{S\373ret\351, planning, organisation, communication}{section.4}
\BOOKMARK [2][-]{subsection.4.2}{Complexit\351}{section.4}
\BOOKMARK [2][-]{subsection.4.3}{Comp\351tences, moyens et r\350gles}{section.4}
\BOOKMARK [2][-]{subsection.4.4}{Normes de documentation}{section.4}
\BOOKMARK [1][-]{section.5}{Configuration cible}{}
\BOOKMARK [2][-]{subsection.5.1}{Mat\351riel et logiciels}{section.5}
\BOOKMARK [2][-]{subsection.5.2}{Stabilit\351 de la configuration}{section.5}
\BOOKMARK [2][-]{subsection.5.3}{Normes de documentation}{section.5}
\BOOKMARK [1][-]{section.6}{Guide de r\351ponse au cahier des charges}{}
\BOOKMARK [2][-]{subsection.6.1}{Grille d'\351valuation}{section.6}
\BOOKMARK [1][-]{section.7}{Annexes}{}
