\BOOKMARK [1][-]{section.1}{Exigences fonctionnelles}{}
\BOOKMARK [2][-]{subsection.1.1}{Traitement sur site central }{section.1}
\BOOKMARK [3][-]{subsubsection.1.1.1}{Description 1}{subsection.1.1}
\BOOKMARK [2][-]{subsection.1.2}{Maintenance}{section.1}
\BOOKMARK [3][-]{subsubsection.1.2.1}{Description 1}{subsection.1.2}
\BOOKMARK [3][-]{subsubsection.1.2.2}{Description 2}{subsection.1.2}
\BOOKMARK [2][-]{subsection.1.3}{Traitement sur station}{section.1}
\BOOKMARK [3][-]{subsubsection.1.3.1}{Description 1}{subsection.1.3}
\BOOKMARK [3][-]{subsubsection.1.3.2}{Description 2}{subsection.1.3}
\BOOKMARK [2][-]{subsection.1.4}{Aide \340 la d\351cision}{section.1}
\BOOKMARK [3][-]{subsubsection.1.4.1}{Description 1}{subsection.1.4}
\BOOKMARK [3][-]{subsubsection.1.4.2}{Description 2}{subsection.1.4}
\BOOKMARK [3][-]{subsubsection.1.4.3}{Description 3}{subsection.1.4}
\BOOKMARK [2][-]{subsection.1.5}{S\351curit\351}{section.1}
\BOOKMARK [3][-]{subsubsection.1.5.1}{Description 1}{subsection.1.5}
\BOOKMARK [2][-]{subsection.1.6}{Stockage}{section.1}
\BOOKMARK [3][-]{subsubsection.1.6.1}{Description 1}{subsection.1.6}
\BOOKMARK [2][-]{subsection.1.7}{Description 2}{section.1}
\BOOKMARK [3][-]{subsubsection.1.7.1}{Description 3}{subsection.1.7}
\BOOKMARK [2][-]{subsection.1.8}{Localisation/ Suivi temps r\351el}{section.1}
\BOOKMARK [3][-]{subsubsection.1.8.1}{Description 2}{subsection.1.8}
\BOOKMARK [3][-]{subsubsection.1.8.2}{Description 3}{subsection.1.8}
\BOOKMARK [3][-]{subsubsection.1.8.3}{Description 4}{subsection.1.8}
\BOOKMARK [2][-]{subsection.1.9}{Communication}{section.1}
\BOOKMARK [3][-]{subsubsection.1.9.1}{Capteur-Syst\350me embarqu\351}{subsection.1.9}
\BOOKMARK [3][-]{subsubsection.1.9.2}{Soci\351t\351 maintenance-Site central}{subsection.1.9}
\BOOKMARK [3][-]{subsubsection.1.9.3}{Serveur central-Syst\350me embarqu\351}{subsection.1.9}
\BOOKMARK [3][-]{subsubsection.1.9.4}{Camionneurs-Soci\351t\351 et Site Central}{subsection.1.9}
\BOOKMARK [3][-]{subsubsection.1.9.5}{R\351seaux Internet}{subsection.1.9}
\BOOKMARK [2][-]{subsection.1.10}{Gestion d'\351nergie}{section.1}
\BOOKMARK [3][-]{subsubsection.1.10.1}{Description 1}{subsection.1.10}
\BOOKMARK [3][-]{subsubsection.1.10.2}{Description 2}{subsection.1.10}
\BOOKMARK [1][-]{section.2}{STB Non fonctionnelle}{}
\BOOKMARK [2][-]{subsection.2.1}{Fiabilit\351}{section.2}
\BOOKMARK [2][-]{subsection.2.2}{Autonomie}{section.2}
\BOOKMARK [2][-]{subsection.2.3}{Robustesse}{section.2}
\BOOKMARK [2][-]{subsection.2.4}{G\351n\351ricit\351, r\351utilisation}{section.2}
\BOOKMARK [2][-]{subsection.2.5}{Int\351gration de l'existant}{section.2}
\BOOKMARK [2][-]{subsection.2.6}{Ergonomie}{section.2}
\BOOKMARK [2][-]{subsection.2.7}{Tra\347abilit\351}{section.2}
\BOOKMARK [2][-]{subsection.2.8}{Limitations technologiques}{section.2}
\BOOKMARK [1][-]{section.3}{Evolutibilit\351}{}
\BOOKMARK [1][-]{section.4}{Qualit\351 de service : optimisation de l'itin\351raire \340 proposer \340 la soci\351t\351 de maintenance}{}
\BOOKMARK [2][-]{subsection.4.1}{Optimisation du trajet}{section.4}
\BOOKMARK [1][-]{section.5}{R\350gles}{}
\BOOKMARK [2][-]{subsection.5.1}{sp\351cification du protocole de communication}{section.5}
\BOOKMARK [2][-]{subsection.5.2}{regles de conception}{section.5}
\BOOKMARK [3][-]{subsubsection.5.2.1}{Communication}{subsection.5.2}
\BOOKMARK [3][-]{subsubsection.5.2.2}{Localisation}{subsection.5.2}
\BOOKMARK [3][-]{subsubsection.5.2.3}{stockage}{subsection.5.2}
\BOOKMARK [3][-]{subsubsection.5.2.4}{Traitement des donn\351es \046 optimisation de l'itin\351raire de maintenance}{subsection.5.2}
\BOOKMARK [1][-]{section.6}{Scenarii}{}
\BOOKMARK [2][-]{subsection.6.1}{Scenario nominal}{section.6}
\BOOKMARK [2][-]{subsection.6.2}{Scenarii Exceptionnels}{section.6}
\BOOKMARK [3][-]{subsubsection.6.2.1}{Alerte au syst\350me central}{subsection.6.2}
\BOOKMARK [3][-]{subsubsection.6.2.2}{Communication interrompu entre sites g\351n\351rique et central}{subsection.6.2}
\BOOKMARK [3][-]{subsubsection.6.2.3}{Maintenance \340 distance}{subsection.6.2}
