\BOOKMARK [1][-]{section.1}{Introduction}{}% 1
\BOOKMARK [2][-]{subsection.1.1}{Pr\351sentation du projet}{section.1}% 2
\BOOKMARK [3][-]{subsubsection.1.1.1}{Le contexte}{subsection.1.1}% 3
\BOOKMARK [3][-]{subsubsection.1.1.2}{Les objectifs}{subsection.1.1}% 4
\BOOKMARK [2][-]{subsection.1.2}{Pr\351sentation du document}{section.1}% 5
\BOOKMARK [2][-]{subsection.1.3}{Documents applicables <> Documents de r\351f\351rence}{section.1}% 6
\BOOKMARK [3][-]{subsubsection.1.3.1}{Documents applicables}{subsection.1.3}% 7
\BOOKMARK [3][-]{subsubsection.1.3.2}{Documents de r\351f\351rence}{subsection.1.3}% 8
\BOOKMARK [2][-]{subsection.1.4}{Terminologie et Abr\351viations}{section.1}% 9
\BOOKMARK [1][-]{section.2}{R\350gles g\351n\351rales}{}% 10
\BOOKMARK [2][-]{subsection.2.1}{Identification des documents}{section.2}% 11
\BOOKMARK [2][-]{subsection.2.2}{Norme de pr\351sentation}{section.2}% 12
\BOOKMARK [3][-]{subsubsection.2.2.1}{Structure}{subsection.2.2}% 13
\BOOKMARK [3][-]{subsubsection.2.2.2}{Automatisation}{subsection.2.2}% 14
\BOOKMARK [2][-]{subsection.2.3}{Etats d'un documents}{section.2}% 15
\BOOKMARK [2][-]{subsection.2.4}{Cycle de vie d'un document}{section.2}% 16
\BOOKMARK [3][-]{subsubsection.2.4.1}{Production du document}{subsection.2.4}% 17
\BOOKMARK [3][-]{subsubsection.2.4.2}{V\351rification/Validation du document}{subsection.2.4}% 18
\BOOKMARK [3][-]{subsubsection.2.4.3}{Archivage du document}{subsection.2.4}% 19
\BOOKMARK [2][-]{subsection.2.5}{Gestion des versions}{section.2}% 20
\BOOKMARK [1][-]{section.3}{Gestion de la documentation produite}{}% 21
\BOOKMARK [2][-]{subsection.3.1}{Classement de la documentation}{section.3}% 22
\BOOKMARK [2][-]{subsection.3.2}{Gestion physique des fichiers contenant les documents}{section.3}% 23
\BOOKMARK [3][-]{subsubsection.3.2.1}{R\351pertoires}{subsection.3.2}% 24
\BOOKMARK [3][-]{subsubsection.3.2.2}{Noms des fichiers}{subsection.3.2}% 25
\BOOKMARK [3][-]{subsubsection.3.2.3}{Proc\351dures de sauvegarde et archivage}{subsection.3.2}% 26
\BOOKMARK [1][-]{section.4}{Gestion de la documentation papier}{}% 27
\BOOKMARK [2][-]{subsection.4.1}{Recherche de documents papiers}{section.4}% 28
\BOOKMARK [2][-]{subsection.4.2}{Gestion des emprunts}{section.4}% 29
\BOOKMARK [1][-]{section.5}{Communication interne}{}% 30
\BOOKMARK [1][-]{section.6}{Annexes}{}% 31
\BOOKMARK [2][-]{subsection.6.1}{Mod\350les de documents}{section.6}% 32
\BOOKMARK [2][-]{subsection.6.2}{Diff\351rence entre un livrable interm\351diaire et une \351bauche}{section.6}% 33
\BOOKMARK [3][-]{subsubsection.6.2.1}{Document de type "LIVRABLE INTERMEDIAIRE" bien identifi\351 dans le projet}{subsection.6.2}% 34
\BOOKMARK [3][-]{subsubsection.6.2.2}{Document de type "DRAFT"}{subsection.6.2}% 35
\BOOKMARK [2][-]{subsection.6.3}{Plans types}{section.6}% 36
\BOOKMARK [3][-]{subsubsection.6.3.1}{Plan type d'un Dossier de Synth\350se}{subsection.6.3}% 37
\BOOKMARK [3][-]{subsubsection.6.3.2}{Plan type du dossier n\2601 "Etude de faisabilit\351"}{subsection.6.3}% 38
\BOOKMARK [3][-]{subsubsection.6.3.3}{Plan type du dossier n\2602 "Sp\351cification Technique des Besoins du Syst\350me"}{subsection.6.3}% 39
\BOOKMARK [3][-]{subsubsection.6.3.4}{Plan type du dossier n\2603 "Conception du nouveau syst\350me"}{subsection.6.3}% 40
\BOOKMARK [3][-]{subsubsection.6.3.5}{Plan type d'un Plan d'Assurance Qualit\351 Projet \(PAQP\)}{subsection.6.3}% 41
\BOOKMARK [3][-]{subsubsection.6.3.6}{Plan type d'un Plan de Management de Projet \(PMP\)}{subsection.6.3}% 42
