\BOOKMARK [1][-]{section.1}{Introduction}{}% 1
\BOOKMARK [1][-]{section.2}{Contexte du document}{}% 2
\BOOKMARK [1][-]{section.3}{Rappel du probl\350me}{}% 3
\BOOKMARK [2][-]{subsection.3.1}{Le contexte}{section.3}% 4
\BOOKMARK [2][-]{subsection.3.2}{Les objectifs}{section.3}% 5
\BOOKMARK [1][-]{section.4}{Les contraintes g\351n\351rales}{}% 6
\BOOKMARK [2][-]{subsection.4.1}{Confidentialit\351s}{section.4}% 7
\BOOKMARK [2][-]{subsection.4.2}{Existant}{section.4}% 8
\BOOKMARK [2][-]{subsection.4.3}{Exigences non fonctionnelles}{section.4}% 9
\BOOKMARK [1][-]{section.5}{Organisation du travail}{}% 10
\BOOKMARK [2][-]{subsection.5.1}{Ressources humaines}{section.5}% 11
\BOOKMARK [3][-]{subsubsection.5.1.1}{Chef de projet et coordinateur : Chafik BACHATENE}{subsection.5.1}% 12
\BOOKMARK [3][-]{subsubsection.5.1.2}{Responsable qualit\351 / m\351thode / documentation}{subsection.5.1}% 13
\BOOKMARK [3][-]{subsubsection.5.1.3}{Groupe d'Etude Informatique}{subsection.5.1}% 14
\BOOKMARK [2][-]{subsection.5.2}{Activit\351s}{section.5}% 15
\BOOKMARK [3][-]{subsubsection.5.2.1}{Production}{subsection.5.2}% 16
\BOOKMARK [3][-]{subsubsection.5.2.2}{Controle \(qualit\351\)}{subsection.5.2}% 17
\BOOKMARK [3][-]{subsubsection.5.2.3}{Gestion de projet}{subsection.5.2}% 18
\BOOKMARK [1][-]{section.6}{Liste des livrables attendus}{}% 19
\BOOKMARK [2][-]{subsection.6.1}{Livrables de production}{section.6}% 20
\BOOKMARK [2][-]{subsection.6.2}{Livrables de suivi de projet}{section.6}% 21
\BOOKMARK [2][-]{subsection.6.3}{Livrables de qualit\351}{section.6}% 22
\BOOKMARK [1][-]{section.7}{Organigramme des t\342ches}{}% 23
\BOOKMARK [2][-]{subsection.7.1}{Macro-Phasage}{section.7}% 24
\BOOKMARK [3][-]{subsubsection.7.1.1}{T\342ches de production}{subsection.7.1}% 25
\BOOKMARK [3][-]{subsubsection.7.1.2}{T\342ches de suivi \(gestion de projet\)}{subsection.7.1}% 26
\BOOKMARK [3][-]{subsubsection.7.1.3}{Taches de controle qualit\351}{subsection.7.1}% 27
\BOOKMARK [2][-]{subsection.7.2}{Diagramme de Gantt}{section.7}% 28
\BOOKMARK [1][-]{section.8}{Modalit\351s de suivi}{}% 29
\BOOKMARK [2][-]{subsection.8.1}{Les r\350gles de suivi}{section.8}% 30
\BOOKMARK [2][-]{subsection.8.2}{Les outils utilis\351s}{section.8}% 31
\BOOKMARK [2][-]{subsection.8.3}{les proc\351dures de r\351vision du planning}{section.8}% 32
\BOOKMARK [1][-]{section.9}{Gestion des risques}{}% 33
\BOOKMARK [2][-]{subsection.9.1}{Risques}{section.9}% 34
\BOOKMARK [3][-]{subsubsection.9.1.1}{Gestion des risques}{subsection.9.1}% 35
