\BOOKMARK [1][-]{section.1}{Evolutibilit\351}{}% 1
\BOOKMARK [1][-]{section.2}{Exigences fonctionnelles}{}% 2
\BOOKMARK [2][-]{subsection.2.1}{Traitement sur site central }{section.2}% 3
\BOOKMARK [3][-]{subsubsection.2.1.1}{Description 1}{subsection.2.1}% 4
\BOOKMARK [2][-]{subsection.2.2}{Maintenance}{section.2}% 5
\BOOKMARK [3][-]{subsubsection.2.2.1}{Description 1}{subsection.2.2}% 6
\BOOKMARK [3][-]{subsubsection.2.2.2}{Description 2}{subsection.2.2}% 7
\BOOKMARK [2][-]{subsection.2.3}{Traitement sur station}{section.2}% 8
\BOOKMARK [3][-]{subsubsection.2.3.1}{Description 1}{subsection.2.3}% 9
\BOOKMARK [3][-]{subsubsection.2.3.2}{Description 2}{subsection.2.3}% 10
\BOOKMARK [2][-]{subsection.2.4}{Aide \340 la d\351cision}{section.2}% 11
\BOOKMARK [3][-]{subsubsection.2.4.1}{Description 1}{subsection.2.4}% 12
\BOOKMARK [3][-]{subsubsection.2.4.2}{Description 2}{subsection.2.4}% 13
\BOOKMARK [3][-]{subsubsection.2.4.3}{Description 3}{subsection.2.4}% 14
\BOOKMARK [2][-]{subsection.2.5}{S\351curit\351}{section.2}% 15
\BOOKMARK [3][-]{subsubsection.2.5.1}{Description 1}{subsection.2.5}% 16
\BOOKMARK [2][-]{subsection.2.6}{Stockage}{section.2}% 17
\BOOKMARK [3][-]{subsubsection.2.6.1}{Description 1}{subsection.2.6}% 18
\BOOKMARK [2][-]{subsection.2.7}{Description 2}{section.2}% 19
\BOOKMARK [3][-]{subsubsection.2.7.1}{Description 3}{subsection.2.7}% 20
\BOOKMARK [2][-]{subsection.2.8}{Localisation/ Suivi temps r\351el}{section.2}% 21
\BOOKMARK [3][-]{subsubsection.2.8.1}{Description 2}{subsection.2.8}% 22
\BOOKMARK [3][-]{subsubsection.2.8.2}{Description 3}{subsection.2.8}% 23
\BOOKMARK [3][-]{subsubsection.2.8.3}{Description 4}{subsection.2.8}% 24
\BOOKMARK [2][-]{subsection.2.9}{Communication}{section.2}% 25
\BOOKMARK [3][-]{subsubsection.2.9.1}{Capteur-Syst\350me embarqu\351}{subsection.2.9}% 26
\BOOKMARK [3][-]{subsubsection.2.9.2}{Soci\351t\351 maintenance-Site central}{subsection.2.9}% 27
\BOOKMARK [3][-]{subsubsection.2.9.3}{Serveur central-Syst\350me embarqu\351}{subsection.2.9}% 28
\BOOKMARK [3][-]{subsubsection.2.9.4}{Camionneurs-Soci\351t\351 et Site Central}{subsection.2.9}% 29
\BOOKMARK [3][-]{subsubsection.2.9.5}{R\351seaux Internet}{subsection.2.9}% 30
\BOOKMARK [2][-]{subsection.2.10}{Gestion d'\351nergie}{section.2}% 31
\BOOKMARK [3][-]{subsubsection.2.10.1}{Description 1}{subsection.2.10}% 32
\BOOKMARK [3][-]{subsubsection.2.10.2}{Description 2}{subsection.2.10}% 33
\BOOKMARK [1][-]{section.3}{STB Non fonctionnelle}{}% 34
\BOOKMARK [2][-]{subsection.3.1}{Fiabilit\351}{section.3}% 35
\BOOKMARK [2][-]{subsection.3.2}{Autonomie}{section.3}% 36
\BOOKMARK [2][-]{subsection.3.3}{Robustesse}{section.3}% 37
\BOOKMARK [2][-]{subsection.3.4}{G\351n\351ricit\351, r\351utilisation}{section.3}% 38
\BOOKMARK [2][-]{subsection.3.5}{Int\351gration de l'existant}{section.3}% 39
\BOOKMARK [2][-]{subsection.3.6}{Ergonomie}{section.3}% 40
\BOOKMARK [2][-]{subsection.3.7}{Tra\347abilit\351}{section.3}% 41
\BOOKMARK [2][-]{subsection.3.8}{Limitations technologiques}{section.3}% 42
