\BOOKMARK [1][-]{section.1}{Syst\350me de localisation}{}
\BOOKMARK [2][-]{subsection.1.1}{Syst\350me de localisation en temps r\351el}{section.1}
\BOOKMARK [3][-]{subsubsection.1.1.1}{GPS}{subsection.1.1}
\BOOKMARK [3][-]{subsubsection.1.1.2}{Am\351liorations GPS}{subsection.1.1}
\BOOKMARK [3][-]{subsubsection.1.1.3}{Galil\351o}{subsection.1.1}
\BOOKMARK [2][-]{subsection.1.2}{Alternatives}{section.1}
\BOOKMARK [1][-]{section.2}{RTOS}{}
\BOOKMARK [2][-]{subsection.2.1}{Contexe}{section.2}
\BOOKMARK [2][-]{subsection.2.2}{TinyOS}{section.2}
\BOOKMARK [2][-]{subsection.2.3}{LynxOS}{section.2}
\BOOKMARK [1][-]{section.3}{Production et gestion de l'energie}{}
\BOOKMARK [2][-]{subsection.3.1}{Contexe}{section.3}
\BOOKMARK [2][-]{subsection.3.2}{Solutions envisag\351es}{section.3}
\BOOKMARK [1][-]{section.4}{Capteurs}{}
\BOOKMARK [2][-]{subsection.4.1}{Contexte}{section.4}
\BOOKMARK [2][-]{subsection.4.2}{Mesure de niveau continue}{section.4}
\BOOKMARK [2][-]{subsection.4.3}{Mesure de niveau continue}{section.4}
\BOOKMARK [1][-]{section.5}{Syst\350me de communication}{}
\BOOKMARK [2][-]{subsection.5.1}{Communication courte distance}{section.5}
\BOOKMARK [3][-]{subsubsection.5.1.1}{Zigbee}{subsection.5.1}
\BOOKMARK [3][-]{subsubsection.5.1.2}{Wifi}{subsection.5.1}
\BOOKMARK [3][-]{subsubsection.5.1.3}{Bluetooth}{subsection.5.1}
\BOOKMARK [3][-]{subsubsection.5.1.4}{Filaire}{subsection.5.1}
\BOOKMARK [3][-]{subsubsection.5.1.5}{Ondes radios}{subsection.5.1}
\BOOKMARK [2][-]{subsection.5.2}{Longue distance}{section.5}
\BOOKMARK [3][-]{subsubsection.5.2.1}{Communication satellite}{subsection.5.2}
\BOOKMARK [3][-]{subsubsection.5.2.2}{R\351seaux cellulaires}{subsection.5.2}
\BOOKMARK [3][-]{subsubsection.5.2.3}{Filaire}{subsection.5.2}
